{"/Users/luahana/Documents/project/planner/index.js": {"path":"/Users/luahana/Documents/project/planner/index.js","statementMap":{"0":{"start":{"line":1,"column":24},"end":{"line":1,"column":55}},"1":{"start":{"line":2,"column":15},"end":{"line":2,"column":32}},"2":{"start":{"line":3,"column":16},"end":{"line":3,"column":34}},"3":{"start":{"line":4,"column":12},"end":{"line":4,"column":21}},"4":{"start":{"line":6,"column":20},"end":{"line":10,"column":1}},"5":{"start":{"line":12,"column":9},"end":{"line":12,"column":25}},"6":{"start":{"line":13,"column":0},"end":{"line":13,"column":73}},"7":{"start":{"line":13,"column":47},"end":{"line":13,"column":73}},"8":{"start":{"line":14,"column":0},"end":{"line":14,"column":71}},"9":{"start":{"line":14,"column":46},"end":{"line":14,"column":71}},"10":{"start":{"line":16,"column":0},"end":{"line":16,"column":32}},"11":{"start":{"line":17,"column":0},"end":{"line":17,"column":32}},"12":{"start":{"line":18,"column":0},"end":{"line":18,"column":32}},"13":{"start":{"line":19,"column":0},"end":{"line":19,"column":27}},"14":{"start":{"line":21,"column":0},"end":{"line":23,"column":1}},"15":{"start":{"line":22,"column":2},"end":{"line":22,"column":32}},"16":{"start":{"line":25,"column":13},"end":{"line":25,"column":37}},"17":{"start":{"line":26,"column":0},"end":{"line":28,"column":1}},"18":{"start":{"line":27,"column":2},"end":{"line":27,"column":73}},"19":{"start":{"line":27,"column":25},"end":{"line":27,"column":72}},"20":{"start":{"line":30,"column":0},"end":{"line":30,"column":20}}},"fnMap":{"0":{"name":"(anonymous_0)","decl":{"start":{"line":27,"column":19},"end":{"line":27,"column":20}},"loc":{"start":{"line":27,"column":25},"end":{"line":27,"column":72}},"line":27}},"branchMap":{"0":{"loc":{"start":{"line":13,"column":0},"end":{"line":13,"column":73}},"type":"if","locations":[{"start":{"line":13,"column":0},"end":{"line":13,"column":73}},{"start":{},"end":{}}],"line":13},"1":{"loc":{"start":{"line":14,"column":0},"end":{"line":14,"column":71}},"type":"if","locations":[{"start":{"line":14,"column":0},"end":{"line":14,"column":71}},{"start":{},"end":{}}],"line":14},"2":{"loc":{"start":{"line":21,"column":0},"end":{"line":23,"column":1}},"type":"if","locations":[{"start":{"line":21,"column":0},"end":{"line":23,"column":1}},{"start":{},"end":{}}],"line":21},"3":{"loc":{"start":{"line":25,"column":13},"end":{"line":25,"column":37}},"type":"binary-expr","locations":[{"start":{"line":25,"column":13},"end":{"line":25,"column":29}},{"start":{"line":25,"column":33},"end":{"line":25,"column":37}}],"line":25},"4":{"loc":{"start":{"line":26,"column":0},"end":{"line":28,"column":1}},"type":"if","locations":[{"start":{"line":26,"column":0},"end":{"line":28,"column":1}},{"start":{},"end":{}}],"line":26}},"s":{"0":2,"1":2,"2":2,"3":2,"4":2,"5":2,"6":2,"7":0,"8":2,"9":0,"10":2,"11":2,"12":2,"13":2,"14":2,"15":0,"16":2,"17":2,"18":0,"19":0,"20":2},"f":{"0":0},"b":{"0":[0,2],"1":[0,2],"2":[0,2],"3":[2,2],"4":[0,2]},"_coverageSchema":"1a1c01bbd47fc00a2c39e90264f33305004495a9","hash":"a9f70b7310d553fd7d868642779f2949cba0b54f"}
,"/Users/luahana/Documents/project/planner/middleware/auth.js": {"path":"/Users/luahana/Documents/project/planner/middleware/auth.js","statementMap":{"0":{"start":{"line":1,"column":12},"end":{"line":1,"column":35}},"1":{"start":{"line":2,"column":15},"end":{"line":2,"column":32}},"2":{"start":{"line":4,"column":0},"end":{"line":15,"column":1}},"3":{"start":{"line":5,"column":16},"end":{"line":5,"column":42}},"4":{"start":{"line":6,"column":2},"end":{"line":6,"column":77}},"5":{"start":{"line":6,"column":14},"end":{"line":6,"column":77}},"6":{"start":{"line":8,"column":2},"end":{"line":14,"column":3}},"7":{"start":{"line":9,"column":20},"end":{"line":9,"column":66}},"8":{"start":{"line":10,"column":4},"end":{"line":10,"column":22}},"9":{"start":{"line":11,"column":4},"end":{"line":11,"column":10}},"10":{"start":{"line":13,"column":4},"end":{"line":13,"column":42}}},"fnMap":{"0":{"name":"(anonymous_0)","decl":{"start":{"line":4,"column":17},"end":{"line":4,"column":18}},"loc":{"start":{"line":4,"column":43},"end":{"line":15,"column":1}},"line":4}},"branchMap":{"0":{"loc":{"start":{"line":6,"column":2},"end":{"line":6,"column":77}},"type":"if","locations":[{"start":{"line":6,"column":2},"end":{"line":6,"column":77}},{"start":{},"end":{}}],"line":6}},"s":{"0":3,"1":3,"2":3,"3":5,"4":5,"5":1,"6":4,"7":4,"8":3,"9":3,"10":1},"f":{"0":5},"b":{"0":[1,4]},"_coverageSchema":"1a1c01bbd47fc00a2c39e90264f33305004495a9","hash":"3980a11a00aa5de8a02a38d094aa5edf2ad7b2b6"}
,"/Users/luahana/Documents/project/planner/middleware/error.js": {"path":"/Users/luahana/Documents/project/planner/middleware/error.js","statementMap":{"0":{"start":{"line":1,"column":15},"end":{"line":1,"column":44}},"1":{"start":{"line":3,"column":0},"end":{"line":6,"column":1}},"2":{"start":{"line":4,"column":2},"end":{"line":4,"column":32}},"3":{"start":{"line":5,"column":2},"end":{"line":5,"column":43}}},"fnMap":{"0":{"name":"(anonymous_0)","decl":{"start":{"line":3,"column":17},"end":{"line":3,"column":18}},"loc":{"start":{"line":3,"column":48},"end":{"line":6,"column":1}},"line":3}},"branchMap":{},"s":{"0":2,"1":2,"2":0,"3":0},"f":{"0":0},"b":{},"_coverageSchema":"1a1c01bbd47fc00a2c39e90264f33305004495a9","hash":"a1a4681ad67877b2bd0f4012cac9b7c4c0e1b780"}
,"/Users/luahana/Documents/project/planner/middleware/validate.js": {"path":"/Users/luahana/Documents/project/planner/middleware/validate.js","statementMap":{"0":{"start":{"line":1,"column":0},"end":{"line":8,"column":1}},"1":{"start":{"line":2,"column":2},"end":{"line":7,"column":3}},"2":{"start":{"line":3,"column":22},"end":{"line":3,"column":41}},"3":{"start":{"line":4,"column":4},"end":{"line":4,"column":68}},"4":{"start":{"line":4,"column":15},"end":{"line":4,"column":68}},"5":{"start":{"line":6,"column":4},"end":{"line":6,"column":10}}},"fnMap":{"0":{"name":"(anonymous_0)","decl":{"start":{"line":1,"column":17},"end":{"line":1,"column":18}},"loc":{"start":{"line":1,"column":32},"end":{"line":8,"column":1}},"line":1},"1":{"name":"(anonymous_1)","decl":{"start":{"line":2,"column":9},"end":{"line":2,"column":10}},"loc":{"start":{"line":2,"column":29},"end":{"line":7,"column":3}},"line":2}},"branchMap":{"0":{"loc":{"start":{"line":4,"column":4},"end":{"line":4,"column":68}},"type":"if","locations":[{"start":{"line":4,"column":4},"end":{"line":4,"column":68}},{"start":{},"end":{}}],"line":4}},"s":{"0":2,"1":2,"2":0,"3":0,"4":0,"5":0},"f":{"0":2,"1":0},"b":{"0":[0,0]},"_coverageSchema":"1a1c01bbd47fc00a2c39e90264f33305004495a9","hash":"35bf8f592e1b80d0ef4441fe983bfc4c192c8274"}
,"/Users/luahana/Documents/project/planner/middleware/validateObjectId.js": {"path":"/Users/luahana/Documents/project/planner/middleware/validateObjectId.js","statementMap":{"0":{"start":{"line":1,"column":17},"end":{"line":1,"column":36}},"1":{"start":{"line":3,"column":0},"end":{"line":8,"column":1}},"2":{"start":{"line":4,"column":2},"end":{"line":5,"column":46}},"3":{"start":{"line":5,"column":4},"end":{"line":5,"column":46}},"4":{"start":{"line":7,"column":2},"end":{"line":7,"column":8}}},"fnMap":{"0":{"name":"(anonymous_0)","decl":{"start":{"line":3,"column":17},"end":{"line":3,"column":18}},"loc":{"start":{"line":3,"column":43},"end":{"line":8,"column":1}},"line":3}},"branchMap":{"0":{"loc":{"start":{"line":4,"column":2},"end":{"line":5,"column":46}},"type":"if","locations":[{"start":{"line":4,"column":2},"end":{"line":5,"column":46}},{"start":{},"end":{}}],"line":4}},"s":{"0":2,"1":2,"2":2,"3":1,"4":1},"f":{"0":2},"b":{"0":[1,1]},"_coverageSchema":"1a1c01bbd47fc00a2c39e90264f33305004495a9","hash":"9cf07cdd8a265eca9c220faadc848325f789b642"}
,"/Users/luahana/Documents/project/planner/models/user.js": {"path":"/Users/luahana/Documents/project/planner/models/user.js","statementMap":{"0":{"start":{"line":1,"column":12},"end":{"line":1,"column":26}},"1":{"start":{"line":2,"column":12},"end":{"line":2,"column":35}},"2":{"start":{"line":3,"column":15},"end":{"line":3,"column":32}},"3":{"start":{"line":4,"column":17},"end":{"line":4,"column":36}},"4":{"start":{"line":6,"column":19},"end":{"line":27,"column":2}},"5":{"start":{"line":29,"column":0},"end":{"line":34,"column":1}},"6":{"start":{"line":30,"column":2},"end":{"line":33,"column":3}},"7":{"start":{"line":36,"column":13},"end":{"line":36,"column":47}},"8":{"start":{"line":39,"column":21},"end":{"line":46,"column":1}},"9":{"start":{"line":40,"column":17},"end":{"line":44,"column":4}},"10":{"start":{"line":45,"column":2},"end":{"line":45,"column":30}},"11":{"start":{"line":48,"column":0},"end":{"line":48,"column":31}},"12":{"start":{"line":49,"column":0},"end":{"line":49,"column":19}},"13":{"start":{"line":50,"column":0},"end":{"line":50,"column":35}}},"fnMap":{"0":{"name":"(anonymous_0)","decl":{"start":{"line":29,"column":39},"end":{"line":29,"column":40}},"loc":{"start":{"line":29,"column":51},"end":{"line":34,"column":1}},"line":29},"1":{"name":"(anonymous_1)","decl":{"start":{"line":39,"column":21},"end":{"line":39,"column":22}},"loc":{"start":{"line":39,"column":37},"end":{"line":46,"column":1}},"line":39}},"branchMap":{},"s":{"0":4,"1":4,"2":4,"3":4,"4":4,"5":4,"6":6,"7":4,"8":4,"9":0,"10":0,"11":4,"12":4,"13":4},"f":{"0":6,"1":0},"b":{},"_coverageSchema":"1a1c01bbd47fc00a2c39e90264f33305004495a9","hash":"f6cd55a54de0c7815523b502887994555d8564f8"}
,"/Users/luahana/Documents/project/planner/routes/auth.js": {"path":"/Users/luahana/Documents/project/planner/routes/auth.js","statementMap":{"0":{"start":{"line":1,"column":10},"end":{"line":1,"column":27}},"1":{"start":{"line":2,"column":12},"end":{"line":2,"column":26}},"2":{"start":{"line":3,"column":15},"end":{"line":3,"column":32}},"3":{"start":{"line":4,"column":17},"end":{"line":4,"column":42}},"4":{"start":{"line":5,"column":16},"end":{"line":5,"column":34}},"5":{"start":{"line":6,"column":15},"end":{"line":6,"column":31}},"6":{"start":{"line":8,"column":0},"end":{"line":20,"column":2}},"7":{"start":{"line":9,"column":20},"end":{"line":9,"column":38}},"8":{"start":{"line":10,"column":2},"end":{"line":10,"column":66}},"9":{"start":{"line":10,"column":13},"end":{"line":10,"column":66}},"10":{"start":{"line":12,"column":13},"end":{"line":12,"column":58}},"11":{"start":{"line":13,"column":2},"end":{"line":13,"column":69}},"12":{"start":{"line":13,"column":13},"end":{"line":13,"column":69}},"13":{"start":{"line":15,"column":24},"end":{"line":15,"column":78}},"14":{"start":{"line":16,"column":2},"end":{"line":16,"column":78}},"15":{"start":{"line":16,"column":22},"end":{"line":16,"column":78}},"16":{"start":{"line":18,"column":16},"end":{"line":18,"column":40}},"17":{"start":{"line":19,"column":2},"end":{"line":19,"column":17}},"18":{"start":{"line":22,"column":17},"end":{"line":28,"column":1}},"19":{"start":{"line":23,"column":17},"end":{"line":26,"column":4}},"20":{"start":{"line":27,"column":2},"end":{"line":27,"column":30}},"21":{"start":{"line":30,"column":0},"end":{"line":30,"column":23}}},"fnMap":{"0":{"name":"(anonymous_0)","decl":{"start":{"line":8,"column":17},"end":{"line":8,"column":18}},"loc":{"start":{"line":8,"column":37},"end":{"line":20,"column":1}},"line":8},"1":{"name":"(anonymous_1)","decl":{"start":{"line":22,"column":17},"end":{"line":22,"column":18}},"loc":{"start":{"line":22,"column":33},"end":{"line":28,"column":1}},"line":22}},"branchMap":{"0":{"loc":{"start":{"line":10,"column":2},"end":{"line":10,"column":66}},"type":"if","locations":[{"start":{"line":10,"column":2},"end":{"line":10,"column":66}},{"start":{},"end":{}}],"line":10},"1":{"loc":{"start":{"line":13,"column":2},"end":{"line":13,"column":69}},"type":"if","locations":[{"start":{"line":13,"column":2},"end":{"line":13,"column":69}},{"start":{},"end":{}}],"line":13},"2":{"loc":{"start":{"line":16,"column":2},"end":{"line":16,"column":78}},"type":"if","locations":[{"start":{"line":16,"column":2},"end":{"line":16,"column":78}},{"start":{},"end":{}}],"line":16}},"s":{"0":2,"1":2,"2":2,"3":2,"4":2,"5":2,"6":2,"7":0,"8":0,"9":0,"10":0,"11":0,"12":0,"13":0,"14":0,"15":0,"16":0,"17":0,"18":2,"19":0,"20":0,"21":2},"f":{"0":0,"1":0},"b":{"0":[0,0],"1":[0,0],"2":[0,0]},"_coverageSchema":"1a1c01bbd47fc00a2c39e90264f33305004495a9","hash":"71847dd5506a1d222d8350d4a4ed4ea0716109b8"}
,"/Users/luahana/Documents/project/planner/routes/users.js": {"path":"/Users/luahana/Documents/project/planner/routes/users.js","statementMap":{"0":{"start":{"line":1,"column":10},"end":{"line":1,"column":27}},"1":{"start":{"line":2,"column":13},"end":{"line":2,"column":42}},"2":{"start":{"line":3,"column":25},"end":{"line":3,"column":66}},"3":{"start":{"line":4,"column":31},"end":{"line":4,"column":56}},"4":{"start":{"line":5,"column":15},"end":{"line":5,"column":32}},"5":{"start":{"line":6,"column":16},"end":{"line":6,"column":34}},"6":{"start":{"line":7,"column":17},"end":{"line":7,"column":50}},"7":{"start":{"line":8,"column":15},"end":{"line":8,"column":31}},"8":{"start":{"line":10,"column":0},"end":{"line":13,"column":2}},"9":{"start":{"line":11,"column":15},"end":{"line":11,"column":68}},"10":{"start":{"line":12,"column":2},"end":{"line":12,"column":16}},"11":{"start":{"line":15,"column":0},"end":{"line":18,"column":2}},"12":{"start":{"line":16,"column":16},"end":{"line":16,"column":33}},"13":{"start":{"line":17,"column":2},"end":{"line":17,"column":17}},"14":{"start":{"line":20,"column":0},"end":{"line":26,"column":2}},"15":{"start":{"line":21,"column":15},"end":{"line":21,"column":49}},"16":{"start":{"line":23,"column":2},"end":{"line":23,"column":58}},"17":{"start":{"line":23,"column":13},"end":{"line":23,"column":58}},"18":{"start":{"line":25,"column":2},"end":{"line":25,"column":16}},"19":{"start":{"line":28,"column":0},"end":{"line":40,"column":2}},"20":{"start":{"line":29,"column":13},"end":{"line":29,"column":58}},"21":{"start":{"line":30,"column":2},"end":{"line":30,"column":67}},"22":{"start":{"line":30,"column":12},"end":{"line":30,"column":67}},"23":{"start":{"line":32,"column":2},"end":{"line":32,"column":66}},"24":{"start":{"line":33,"column":15},"end":{"line":33,"column":39}},"25":{"start":{"line":34,"column":2},"end":{"line":34,"column":56}},"26":{"start":{"line":36,"column":2},"end":{"line":36,"column":19}},"27":{"start":{"line":38,"column":16},"end":{"line":38,"column":40}},"28":{"start":{"line":39,"column":2},"end":{"line":39,"column":80}},"29":{"start":{"line":42,"column":0},"end":{"line":42,"column":23}}},"fnMap":{"0":{"name":"(anonymous_0)","decl":{"start":{"line":10,"column":24},"end":{"line":10,"column":25}},"loc":{"start":{"line":10,"column":44},"end":{"line":13,"column":1}},"line":10},"1":{"name":"(anonymous_1)","decl":{"start":{"line":15,"column":22},"end":{"line":15,"column":23}},"loc":{"start":{"line":15,"column":42},"end":{"line":18,"column":1}},"line":15},"2":{"name":"(anonymous_2)","decl":{"start":{"line":20,"column":37},"end":{"line":20,"column":38}},"loc":{"start":{"line":20,"column":57},"end":{"line":26,"column":1}},"line":20},"3":{"name":"(anonymous_3)","decl":{"start":{"line":28,"column":41},"end":{"line":28,"column":42}},"loc":{"start":{"line":28,"column":61},"end":{"line":40,"column":1}},"line":28}},"branchMap":{"0":{"loc":{"start":{"line":23,"column":2},"end":{"line":23,"column":58}},"type":"if","locations":[{"start":{"line":23,"column":2},"end":{"line":23,"column":58}},{"start":{},"end":{}}],"line":23},"1":{"loc":{"start":{"line":30,"column":2},"end":{"line":30,"column":67}},"type":"if","locations":[{"start":{"line":30,"column":2},"end":{"line":30,"column":67}},{"start":{},"end":{}}],"line":30}},"s":{"0":2,"1":2,"2":2,"3":2,"4":2,"5":2,"6":2,"7":2,"8":2,"9":0,"10":0,"11":2,"12":2,"13":2,"14":2,"15":1,"16":1,"17":0,"18":1,"19":2,"20":0,"21":0,"22":0,"23":0,"24":0,"25":0,"26":0,"27":0,"28":0,"29":2},"f":{"0":0,"1":2,"2":1,"3":0},"b":{"0":[0,1],"1":[0,0]},"_coverageSchema":"1a1c01bbd47fc00a2c39e90264f33305004495a9","hash":"a502f226b0edbd7aeb79372fbe72923b6feae5e0"}
,"/Users/luahana/Documents/project/planner/startup/config.js": {"path":"/Users/luahana/Documents/project/planner/startup/config.js","statementMap":{"0":{"start":{"line":1,"column":24},"end":{"line":1,"column":55}},"1":{"start":{"line":2,"column":15},"end":{"line":2,"column":32}},"2":{"start":{"line":3,"column":15},"end":{"line":3,"column":32}},"3":{"start":{"line":5,"column":0},"end":{"line":16,"column":1}},"4":{"start":{"line":6,"column":2},"end":{"line":6,"column":60}},"5":{"start":{"line":8,"column":2},"end":{"line":10,"column":3}},"6":{"start":{"line":9,"column":4},"end":{"line":9,"column":65}},"7":{"start":{"line":12,"column":2},"end":{"line":15,"column":3}},"8":{"start":{"line":13,"column":4},"end":{"line":13,"column":27}},"9":{"start":{"line":14,"column":4},"end":{"line":14,"column":40}}},"fnMap":{"0":{"name":"(anonymous_0)","decl":{"start":{"line":5,"column":17},"end":{"line":5,"column":18}},"loc":{"start":{"line":5,"column":32},"end":{"line":16,"column":1}},"line":5}},"branchMap":{"0":{"loc":{"start":{"line":8,"column":2},"end":{"line":10,"column":3}},"type":"if","locations":[{"start":{"line":8,"column":2},"end":{"line":10,"column":3}},{"start":{},"end":{}}],"line":8},"1":{"loc":{"start":{"line":12,"column":2},"end":{"line":15,"column":3}},"type":"if","locations":[{"start":{"line":12,"column":2},"end":{"line":15,"column":3}},{"start":{},"end":{}}],"line":12}},"s":{"0":2,"1":2,"2":2,"3":2,"4":2,"5":2,"6":0,"7":2,"8":2,"9":2},"f":{"0":2},"b":{"0":[0,2],"1":[2,0]},"_coverageSchema":"1a1c01bbd47fc00a2c39e90264f33305004495a9","hash":"024d7bb6580990cb0ee17df4e9ff7f23120547bc"}
,"/Users/luahana/Documents/project/planner/startup/db.js": {"path":"/Users/luahana/Documents/project/planner/startup/db.js","statementMap":{"0":{"start":{"line":1,"column":19},"end":{"line":1,"column":45}},"1":{"start":{"line":2,"column":17},"end":{"line":2,"column":36}},"2":{"start":{"line":4,"column":0},"end":{"line":8,"column":1}},"3":{"start":{"line":5,"column":22},"end":{"line":5,"column":48}},"4":{"start":{"line":6,"column":31},"end":{"line":6,"column":57}},"5":{"start":{"line":7,"column":2},"end":{"line":7,"column":52}}},"fnMap":{"0":{"name":"(anonymous_0)","decl":{"start":{"line":4,"column":17},"end":{"line":4,"column":18}},"loc":{"start":{"line":4,"column":37},"end":{"line":8,"column":1}},"line":4}},"branchMap":{},"s":{"0":2,"1":2,"2":2,"3":2,"4":2,"5":2},"f":{"0":2},"b":{},"_coverageSchema":"1a1c01bbd47fc00a2c39e90264f33305004495a9","hash":"91d2b0660f177c2b5da12de8cb9a9a31995d6559"}
,"/Users/luahana/Documents/project/planner/startup/logging.js": {"path":"/Users/luahana/Documents/project/planner/startup/logging.js","statementMap":{"0":{"start":{"line":1,"column":16},"end":{"line":1,"column":34}},"1":{"start":{"line":2,"column":15},"end":{"line":2,"column":32}},"2":{"start":{"line":3,"column":0},"end":{"line":3,"column":26}},"3":{"start":{"line":4,"column":0},"end":{"line":4,"column":31}},"4":{"start":{"line":6,"column":0},"end":{"line":38,"column":1}},"5":{"start":{"line":7,"column":2},"end":{"line":15,"column":3}},"6":{"start":{"line":17,"column":2},"end":{"line":24,"column":3}},"7":{"start":{"line":26,"column":2},"end":{"line":37,"column":3}}},"fnMap":{"0":{"name":"(anonymous_0)","decl":{"start":{"line":6,"column":17},"end":{"line":6,"column":18}},"loc":{"start":{"line":6,"column":31},"end":{"line":38,"column":1}},"line":6}},"branchMap":{},"s":{"0":2,"1":2,"2":2,"3":2,"4":2,"5":2,"6":2,"7":2},"f":{"0":2},"b":{},"_coverageSchema":"1a1c01bbd47fc00a2c39e90264f33305004495a9","hash":"55bca5dc6a93603579b98610619b6ec2d57071a2"}
,"/Users/luahana/Documents/project/planner/startup/routes.js": {"path":"/Users/luahana/Documents/project/planner/startup/routes.js","statementMap":{"0":{"start":{"line":1,"column":16},"end":{"line":1,"column":34}},"1":{"start":{"line":2,"column":14},"end":{"line":2,"column":44}},"2":{"start":{"line":4,"column":14},"end":{"line":4,"column":40}},"3":{"start":{"line":6,"column":13},"end":{"line":6,"column":38}},"4":{"start":{"line":8,"column":0},"end":{"line":16,"column":1}},"5":{"start":{"line":9,"column":2},"end":{"line":9,"column":25}},"6":{"start":{"line":12,"column":2},"end":{"line":12,"column":30}},"7":{"start":{"line":13,"column":2},"end":{"line":13,"column":28}},"8":{"start":{"line":15,"column":2},"end":{"line":15,"column":16}}},"fnMap":{"0":{"name":"(anonymous_0)","decl":{"start":{"line":8,"column":17},"end":{"line":8,"column":18}},"loc":{"start":{"line":8,"column":32},"end":{"line":16,"column":1}},"line":8}},"branchMap":{},"s":{"0":2,"1":2,"2":2,"3":2,"4":2,"5":2,"6":2,"7":2,"8":2},"f":{"0":2},"b":{},"_coverageSchema":"1a1c01bbd47fc00a2c39e90264f33305004495a9","hash":"559e15fd5a5be265d1372e3baa909a086f8fb57f"}
}
