TN:
SF:index.js
FN:27,(anonymous_0)
FNF:1
FNH:0
FNDA:0,(anonymous_0)
DA:1,2
DA:2,2
DA:3,2
DA:4,2
DA:6,2
DA:12,2
DA:13,2
DA:14,2
DA:16,2
DA:17,2
DA:18,2
DA:19,2
DA:21,2
DA:22,0
DA:25,2
DA:26,2
DA:27,0
DA:30,2
LF:18
LH:16
BRDA:13,0,0,0
BRDA:13,0,1,2
BRDA:14,1,0,0
BRDA:14,1,1,2
BRDA:21,2,0,0
BRDA:21,2,1,2
BRDA:25,3,0,2
BRDA:25,3,1,2
BRDA:26,4,0,0
BRDA:26,4,1,2
BRF:10
BRH:6
end_of_record
TN:
SF:middleware/auth.js
FN:4,(anonymous_0)
FNF:1
FNH:1
FNDA:5,(anonymous_0)
DA:1,3
DA:2,3
DA:4,3
DA:5,5
DA:6,5
DA:8,4
DA:9,4
DA:10,3
DA:11,3
DA:13,1
LF:10
LH:10
BRDA:6,0,0,1
BRDA:6,0,1,4
BRF:2
BRH:2
end_of_record
TN:
SF:middleware/error.js
FN:3,(anonymous_0)
FNF:1
FNH:0
FNDA:0,(anonymous_0)
DA:1,2
DA:3,2
DA:4,0
DA:5,0
LF:4
LH:2
BRF:0
BRH:0
end_of_record
TN:
SF:middleware/validate.js
FN:1,(anonymous_0)
FN:2,(anonymous_1)
FNF:2
FNH:1
FNDA:2,(anonymous_0)
FNDA:0,(anonymous_1)
DA:1,2
DA:2,2
DA:3,0
DA:4,0
DA:6,0
LF:5
LH:2
BRDA:4,0,0,0
BRDA:4,0,1,0
BRF:2
BRH:0
end_of_record
TN:
SF:middleware/validateObjectId.js
FN:3,(anonymous_0)
FNF:1
FNH:1
FNDA:2,(anonymous_0)
DA:1,2
DA:3,2
DA:4,2
DA:5,1
DA:7,1
LF:5
LH:5
BRDA:4,0,0,1
BRDA:4,0,1,1
BRF:2
BRH:2
end_of_record
TN:
SF:models/user.js
FN:29,(anonymous_0)
FN:39,(anonymous_1)
FNF:2
FNH:1
FNDA:6,(anonymous_0)
FNDA:0,(anonymous_1)
DA:1,4
DA:2,4
DA:3,4
DA:4,4
DA:6,4
DA:29,4
DA:30,6
DA:36,4
DA:39,4
DA:40,0
DA:45,0
DA:48,4
DA:49,4
DA:50,4
LF:14
LH:12
BRF:0
BRH:0
end_of_record
TN:
SF:routes/auth.js
FN:8,(anonymous_0)
FN:22,(anonymous_1)
FNF:2
FNH:0
FNDA:0,(anonymous_0)
FNDA:0,(anonymous_1)
DA:1,2
DA:2,2
DA:3,2
DA:4,2
DA:5,2
DA:6,2
DA:8,2
DA:9,0
DA:10,0
DA:12,0
DA:13,0
DA:15,0
DA:16,0
DA:18,0
DA:19,0
DA:22,2
DA:23,0
DA:27,0
DA:30,2
LF:19
LH:9
BRDA:10,0,0,0
BRDA:10,0,1,0
BRDA:13,1,0,0
BRDA:13,1,1,0
BRDA:16,2,0,0
BRDA:16,2,1,0
BRF:6
BRH:0
end_of_record
TN:
SF:routes/users.js
FN:10,(anonymous_0)
FN:15,(anonymous_1)
FN:20,(anonymous_2)
FN:28,(anonymous_3)
FNF:4
FNH:2
FNDA:0,(anonymous_0)
FNDA:2,(anonymous_1)
FNDA:1,(anonymous_2)
FNDA:0,(anonymous_3)
DA:1,2
DA:2,2
DA:3,2
DA:4,2
DA:5,2
DA:6,2
DA:7,2
DA:8,2
DA:10,2
DA:11,0
DA:12,0
DA:15,2
DA:16,2
DA:17,2
DA:20,2
DA:21,1
DA:23,1
DA:25,1
DA:28,2
DA:29,0
DA:30,0
DA:32,0
DA:33,0
DA:34,0
DA:36,0
DA:38,0
DA:39,0
DA:42,2
LF:28
LH:18
BRDA:23,0,0,0
BRDA:23,0,1,1
BRDA:30,1,0,0
BRDA:30,1,1,0
BRF:4
BRH:1
end_of_record
TN:
SF:startup/config.js
FN:5,(anonymous_0)
FNF:1
FNH:1
FNDA:2,(anonymous_0)
DA:1,2
DA:2,2
DA:3,2
DA:5,2
DA:6,2
DA:8,2
DA:9,0
DA:12,2
DA:13,2
DA:14,2
LF:10
LH:9
BRDA:8,0,0,0
BRDA:8,0,1,2
BRDA:12,1,0,2
BRDA:12,1,1,0
BRF:4
BRH:2
end_of_record
TN:
SF:startup/db.js
FN:4,(anonymous_0)
FNF:1
FNH:1
FNDA:2,(anonymous_0)
DA:1,2
DA:2,2
DA:4,2
DA:5,2
DA:6,2
DA:7,2
LF:6
LH:6
BRF:0
BRH:0
end_of_record
TN:
SF:startup/logging.js
FN:6,(anonymous_0)
FNF:1
FNH:1
FNDA:2,(anonymous_0)
DA:1,2
DA:2,2
DA:3,2
DA:4,2
DA:6,2
DA:7,2
DA:17,2
DA:26,2
LF:8
LH:8
BRF:0
BRH:0
end_of_record
TN:
SF:startup/routes.js
FN:8,(anonymous_0)
FNF:1
FNH:1
FNDA:2,(anonymous_0)
DA:1,2
DA:2,2
DA:4,2
DA:6,2
DA:8,2
DA:9,2
DA:12,2
DA:13,2
DA:15,2
LF:9
LH:9
BRF:0
BRH:0
end_of_record
